This is pdfTeX, Version 3.14159265-2.6-1.40.18 (TeX Live 2017/Debian) (preloaded format=pdflatex 2019.8.10)  3 NOV 2019 18:02
entering extended mode
 restricted \write18 enabled.
 %&-line parsing enabled.
**agradecimentos.tex
(./agradecimentos.tex
LaTeX2e <2017-04-15>
Babel <3.18> and hyphenation patterns for 84 language(s) loaded.

! LaTeX Error: Missing \begin{document}.

See the LaTeX manual or LaTeX Companion for explanation.
Type  H <return>  for immediate help.
 ...                                              
                                                  
l.3 \begin{center}
                  {\large \textbf{Agradecimentos}}\end{center}
You're in trouble here.  Try typing  <return>  to proceed.
If that doesn't work, type  X <return>  to quit.


Overfull \hbox (20.0pt too wide) in paragraph at lines 3--3
[] 
 []

! Undefined control sequence.
l.3 \begin{center}{\large
                          \textbf{Agradecimentos}}\end{center}
The control sequence at the end of the top line
of your error message was never \def'ed. If you have
misspelled it (e.g., `\hobx'), type `I' and the correct
spelling (e.g., `I\hbox'). Otherwise just continue,
and I'll forget about whatever was undefined.


Overfull \hbox (80.41762pt too wide) in paragraph at lines 3--3
 \OT1/cmr/bx/n/10 Agradecimentos 
 []

Missing character: There is no E in font nullfont!
Missing character: There is no s in font nullfont!
Missing character: There is no c in font nullfont!
Missing character: There is no r in font nullfont!
Missing character: There is no e in font nullfont!
Missing character: There is no v in font nullfont!
Missing character: There is no e in font nullfont!
Missing character: There is no r in font nullfont!
Missing character: There is no o in font nullfont!
Missing character: There is no s in font nullfont!
Missing character: There is no . in font nullfont!

Overfull \hbox (20.0pt too wide) in paragraph at lines 5--6
[]
 []


Overfull \hbox (35.90526pt too wide) in paragraph at lines 5--6
\OT1/cmr/m/it/10 agradec-
 []


Overfull \hbox (6.6444pt too wide) in paragraph at lines 5--6
\OT1/cmr/m/it/10 i-
 []


Overfull \hbox (21.97763pt too wide) in paragraph at lines 5--6
\OT1/cmr/m/it/10 men-
 []


Overfull \hbox (12.52214pt too wide) in paragraph at lines 5--6
\OT1/cmr/m/it/10 tos 
 []

)
! Emergency stop.
<*> agradecimentos.tex
                      
*** (job aborted, no legal \end found)

 
Here is how much of TeX's memory you used:
 10 strings out of 492982
 208 string characters out of 6134896
 53924 words of memory out of 5000000
 3674 multiletter control sequences out of 15000+600000
 4294 words of font info for 16 fonts, out of 8000000 for 9000
 1141 hyphenation exceptions out of 8191
 13i,1n,10p,95b,114s stack positions out of 5000i,500n,10000p,200000b,80000s
!  ==> Fatal error occurred, no output PDF file produced!
