This is pdfTeX, Version 3.14159265-2.6-1.40.18 (TeX Live 2017/Debian) (preloaded format=pdflatex 2019.8.10)  3 NOV 2019 17:51
entering extended mode
 restricted \write18 enabled.
 %&-line parsing enabled.
**ata-de-defesa.tex
(./ata-de-defesa.tex
LaTeX2e <2017-04-15>
Babel <3.18> and hyphenation patterns for 84 language(s) loaded.

! LaTeX Error: Missing \begin{document}.

See the LaTeX manual or LaTeX Companion for explanation.
Type  H <return>  for immediate help.
 ...                                              
                                                  
l.3 \begin{center}
                  
You're in trouble here.  Try typing  <return>  to proceed.
If that doesn't work, type  X <return>  to quit.


Overfull \hbox (20.0pt too wide) in paragraph at lines 3--3
[] 
 []


! LaTeX Error: The font size command \normalsize is not defined:
               there is probably something wrong with the class file.

See the LaTeX manual or LaTeX Companion for explanation.
Type  H <return>  for immediate help.
 ...                                              
                                                  
l.5 	{\normalsize
                  Incluir \textit{ata de defesa}.}
Your command was ignored.
Type  I <command> <return>  to replace it with another command,
or  <return>  to continue without it.

Missing character: There is no I in font nullfont!
Missing character: There is no n in font nullfont!
Missing character: There is no c in font nullfont!
Missing character: There is no l in font nullfont!
Missing character: There is no u in font nullfont!
Missing character: There is no i in font nullfont!
Missing character: There is no r in font nullfont!
Missing character: There is no . in font nullfont!

Overfull \hbox (13.54436pt too wide) in paragraph at lines 5--7
 \OT1/cmr/m/it/10 ata 
 []


Overfull \hbox (9.71104pt too wide) in paragraph at lines 5--7
 \OT1/cmr/m/it/10 de 
 []


Overfull \hbox (13.28879pt too wide) in paragraph at lines 5--7
 \OT1/cmr/m/it/10 de- 
 []


Overfull \hbox (16.86656pt too wide) in paragraph at lines 5--7
 \OT1/cmr/m/it/10 fesa 
 []

)
! Emergency stop.
<*> ata-de-defesa.tex
                     
*** (job aborted, no legal \end found)

 
Here is how much of TeX's memory you used:
 8 strings out of 492982
 183 string characters out of 6134896
 53924 words of memory out of 5000000
 3673 multiletter control sequences out of 15000+600000
 3986 words of font info for 15 fonts, out of 8000000 for 9000
 1141 hyphenation exceptions out of 8191
 13i,1n,10p,82b,118s stack positions out of 5000i,500n,10000p,200000b,80000s
!  ==> Fatal error occurred, no output PDF file produced!
