This is pdfTeX, Version 3.14159265-2.6-1.40.18 (TeX Live 2017/Debian) (preloaded format=pdflatex 2019.8.10)  3 NOV 2019 17:43
entering extended mode
 restricted \write18 enabled.
 %&-line parsing enabled.
**ficha-catalografica.tex
(./ficha-catalografica.tex
LaTeX2e <2017-04-15>
Babel <3.18> and hyphenation patterns for 84 language(s) loaded.

! LaTeX Error: Missing \begin{document}.

See the LaTeX manual or LaTeX Companion for explanation.
Type  H <return>  for immediate help.
 ...                                              
                                                  
l.1 \begin{center}
                  
You're in trouble here.  Try typing  <return>  to proceed.
If that doesn't work, type  X <return>  to quit.


Overfull \hbox (20.0pt too wide) in paragraph at lines 1--1
[] 
 []


! LaTeX Error: The font size command \normalsize is not defined:
               there is probably something wrong with the class file.

See the LaTeX manual or LaTeX Companion for explanation.
Type  H <return>  for immediate help.
 ...                                              
                                                  
l.3 	{\normalsize
                  Incluir \textit{ficha catalogr√°fica}.}
Your command was ignored.
Type  I <command> <return>  to replace it with another command,
or  <return>  to continue without it.

Missing character: There is no I in font nullfont!
Missing character: There is no n in font nullfont!
Missing character: There is no c in font nullfont!
Missing character: There is no l in font nullfont!
Missing character: There is no u in font nullfont!
Missing character: There is no i in font nullfont!
Missing character: There is no r in font nullfont!
Missing character: There is no √ in font cmti10!
Missing character: There is no ° in font cmti10!
Missing character: There is no . in font nullfont!

Overfull \hbox (20.44432pt too wide) in paragraph at lines 3--4
 \OT1/cmr/m/it/10 ficha 
 []


Overfull \hbox (16.09985pt too wide) in paragraph at lines 3--4
 \OT1/cmr/m/it/10 cat- 
 []


Overfull \hbox (8.68883pt too wide) in paragraph at lines 3--4
 \OT1/cmr/m/it/10 a- 
 []


Overfull \hbox (11.24437pt too wide) in paragraph at lines 3--4
 \OT1/cmr/m/it/10 lo- 
 []


Overfull \hbox (12.39433pt too wide) in paragraph at lines 3--4
 \OT1/cmr/m/it/10 gr- 
 []


Overfull \hbox (14.82211pt too wide) in paragraph at lines 3--4
 \OT1/cmr/m/it/10 fica 
 []

)
! Emergency stop.
<*> ficha-catalografica.tex
                           
*** (job aborted, no legal \end found)

 
Here is how much of TeX's memory you used:
 8 strings out of 492982
 207 string characters out of 6134896
 53924 words of memory out of 5000000
 3673 multiletter control sequences out of 15000+600000
 3986 words of font info for 15 fonts, out of 8000000 for 9000
 1141 hyphenation exceptions out of 8191
 13i,1n,10p,95b,114s stack positions out of 5000i,500n,10000p,200000b,80000s
!  ==> Fatal error occurred, no output PDF file produced!
